<?xml version="1.0" encoding="UTF-8"?>
<!-- Generated by org.testng.reporters.JUnitXMLReporter -->
<testsuite ignored="0" hostname="DESKTOP-UB8F91P" failures="0" tests="11" name="Test" time="66.681" errors="0" timestamp="21 May 2023 13:32:43 GMT">
  <testcase classname="api.test.UserTest" name="testEndToEndWorkflow" time="12.152"/>
  <testcase classname="api.test.DataDrivenTests" name="testPostUser" time="4.143"/>
  <testcase classname="api.test.DataDrivenTests" name="testPostUser" time="1.848"/>
  <testcase classname="api.test.DataDrivenTests" name="testPostUser" time="6.47"/>
  <testcase classname="api.test.UserTest" name="testCreateUserByName" time="15.504"/>
  <testcase classname="api.test.DataDrivenTests" name="testDeleteUserByName" time="5.025"/>
  <testcase classname="api.test.DataDrivenTests" name="testDeleteUserByName" time="1.774"/>
  <testcase classname="api.test.DataDrivenTests" name="testDeleteUserByName" time="5.109"/>
  <testcase classname="api.test.UserTest" name="testUpdateUserByName" time="3.802"/>
  <testcase classname="api.test.UserTest" name="testGetUserDetails" time="3.857"/>
  <testcase classname="api.test.UserTest" name="testDeleteUserByUserName" time="2.562"/>
</testsuite> <!-- Test -->
