<?xml version="1.0" encoding="UTF-8"?>
<!-- Generated by org.testng.reporters.JUnitXMLReporter -->
<testsuite ignored="0" hostname="DESKTOP-UB8F91P" failures="0" tests="6" name="Default test" time="13.348" errors="0" timestamp="21 May 2023 08:48:02 GMT">
  <testcase classname="api.test.DataDrivenTests" name="testPostUser" time="4.233"/>
  <testcase classname="api.test.DataDrivenTests" name="testPostUser" time="1.198"/>
  <testcase classname="api.test.DataDrivenTests" name="testPostUser" time="1.226"/>
  <testcase classname="api.test.DataDrivenTests" name="testDeleteUserByName" time="1.274"/>
  <testcase classname="api.test.DataDrivenTests" name="testDeleteUserByName" time="1.234"/>
  <testcase classname="api.test.DataDrivenTests" name="testDeleteUserByName" time="1.201"/>
</testsuite> <!-- Default test -->
